<?xml version="1.0" encoding="UTF-8"?>
<testsuites>
  <testsuite name="User_test" file="/opt/lampp/htdocs/Fundoo_BackEnd/application/tests/User_test.php" tests="1" assertions="1" errors="0" failures="0" skipped="0" time="0.007785">
    <testcase name="test_case" class="User_test" classname="User_test" file="/opt/lampp/htdocs/Fundoo_BackEnd/application/tests/User_test.php" line="8" assertions="1" time="0.007785"/>
  </testsuite>
</testsuites>
